This is pdfTeX, Version 3.141592653-2.6-1.40.23 (TeX Live 2022/dev) (preloaded format=pdflatex 2022.3.9)  9 MAR 2022 20:22
entering extended mode
 restricted \write18 enabled.
 %&-line parsing enabled.
**project3.tex
(./project3.tex
LaTeX2e <2021-11-15> patch level 1
L3 programming layer <2022-02-24> (/Users/pham/Library/TinyTeX/texmf-dist/tex/latex/base/article.cls
Document Class: article 2021/10/04 v1.4n Standard LaTeX document class
(/Users/pham/Library/TinyTeX/texmf-dist/tex/latex/base/size10.clo
File: size10.clo 2021/10/04 v1.4n Standard LaTeX file (size option)
)
\c@part=\count185
\c@section=\count186
\c@subsection=\count187
\c@subsubsection=\count188
\c@paragraph=\count189
\c@subparagraph=\count190
\c@figure=\count191
\c@table=\count192
\abovecaptionskip=\skip47
\belowcaptionskip=\skip48
\bibindent=\dimen138
) (/Users/pham/Library/TinyTeX/texmf-dist/tex/latex/amsmath/amsmath.sty
Package: amsmath 2021/10/15 v2.17l AMS math features
\@mathmargin=\skip49
For additional information on amsmath, use the `?' option.
(/Users/pham/Library/TinyTeX/texmf-dist/tex/latex/amsmath/amstext.sty
Package: amstext 2021/08/26 v2.01 AMS text
(/Users/pham/Library/TinyTeX/texmf-dist/tex/latex/amsmath/amsgen.sty
File: amsgen.sty 1999/11/30 v2.0 generic functions
\@emptytoks=\toks16
\ex@=\dimen139
)) (/Users/pham/Library/TinyTeX/texmf-dist/tex/latex/amsmath/amsbsy.sty
Package: amsbsy 1999/11/29 v1.2d Bold Symbols
\pmbraise@=\dimen140
) (/Users/pham/Library/TinyTeX/texmf-dist/tex/latex/amsmath/amsopn.sty
Package: amsopn 2021/08/26 v2.02 operator names
)
\inf@bad=\count193
LaTeX Info: Redefining \frac on input line 234.
\uproot@=\count194
\leftroot@=\count195
LaTeX Info: Redefining \overline on input line 399.
\classnum@=\count196
\DOTSCASE@=\count197
LaTeX Info: Redefining \ldots on input line 496.
LaTeX Info: Redefining \dots on input line 499.
LaTeX Info: Redefining \cdots on input line 620.
\Mathstrutbox@=\box50
\strutbox@=\box51
\big@size=\dimen141
LaTeX Font Info:    Redeclaring font encoding OML on input line 743.
LaTeX Font Info:    Redeclaring font encoding OMS on input line 744.
\macc@depth=\count198
\c@MaxMatrixCols=\count199
\dotsspace@=\muskip16
\c@parentequation=\count266
\dspbrk@lvl=\count267
\tag@help=\toks17
\row@=\count268
\column@=\count269
\maxfields@=\count270
\andhelp@=\toks18
\eqnshift@=\dimen142
\alignsep@=\dimen143
\tagshift@=\dimen144
\tagwidth@=\dimen145
\totwidth@=\dimen146
\lineht@=\dimen147
\@envbody=\toks19
\multlinegap=\skip50
\multlinetaggap=\skip51
\mathdisplay@stack=\toks20
LaTeX Info: Redefining \[ on input line 2938.
LaTeX Info: Redefining \] on input line 2939.
) (/Users/pham/Library/TinyTeX/texmf-dist/tex/latex/amsfonts/amssymb.sty
Package: amssymb 2013/01/14 v3.01 AMS font symbols
(/Users/pham/Library/TinyTeX/texmf-dist/tex/latex/amsfonts/amsfonts.sty
Package: amsfonts 2013/01/14 v3.01 Basic AMSFonts support
\symAMSa=\mathgroup4
\symAMSb=\mathgroup5
LaTeX Font Info:    Redeclaring math symbol \hbar on input line 98.
LaTeX Font Info:    Overwriting math alphabet `\mathfrak' in version `bold'
(Font)                  U/euf/m/n --> U/euf/b/n on input line 106.
)) (/Users/pham/Library/TinyTeX/texmf-dist/tex/latex/psnfss/mathpazo.sty
Package: mathpazo 2020/03/25 PSNFSS-v9.3 Palatino w/ Pazo Math (D.Puga, WaS) 
\symupright=\mathgroup6
) (/Users/pham/Library/TinyTeX/texmf-dist/tex/generic/iftex/iftex.sty
Package: iftex 2022/02/03 v1.0f TeX engine tests
) (/Users/pham/Library/TinyTeX/texmf-dist/tex/latex/base/fontenc.sty
Package: fontenc 2021/04/29 v2.0v Standard LaTeX package
LaTeX Font Info:    Trying to load font information for T1+ppl on input line 112.
(/Users/pham/Library/TinyTeX/texmf-dist/tex/latex/psnfss/t1ppl.fd
File: t1ppl.fd 2001/06/04 font definitions for T1/ppl.
)) (/Users/pham/Library/TinyTeX/texmf-dist/tex/latex/base/inputenc.sty
Package: inputenc 2021/02/14 v1.3d Input encoding file
\inpenc@prehook=\toks21
\inpenc@posthook=\toks22
) (/Users/pham/Library/TinyTeX/texmf-dist/tex/latex/base/textcomp.sty
Package: textcomp 2020/02/02 v2.0n Standard LaTeX package
) (/Users/pham/Library/TinyTeX/texmf-dist/tex/latex/xcolor/xcolor.sty
Package: xcolor 2021/10/31 v2.13 LaTeX color extensions (UK)
(/Users/pham/Library/TinyTeX/texmf-dist/tex/latex/graphics-cfg/color.cfg
File: color.cfg 2016/01/02 v1.6 sample color configuration
)
Package xcolor Info: Driver file: pdftex.def on input line 227.
(/Users/pham/Library/TinyTeX/texmf-dist/tex/latex/graphics-def/pdftex.def
File: pdftex.def 2020/10/05 v1.2a Graphics/color driver for pdftex
)
Package xcolor Info: Model `cmy' substituted by `cmy0' on input line 1352.
Package xcolor Info: Model `hsb' substituted by `rgb' on input line 1356.
Package xcolor Info: Model `RGB' extended on input line 1368.
Package xcolor Info: Model `HTML' substituted by `rgb' on input line 1370.
Package xcolor Info: Model `Hsb' substituted by `hsb' on input line 1371.
Package xcolor Info: Model `tHsb' substituted by `hsb' on input line 1372.
Package xcolor Info: Model `HSB' substituted by `hsb' on input line 1373.
Package xcolor Info: Model `Gray' substituted by `gray' on input line 1374.
Package xcolor Info: Model `wave' substituted by `hsb' on input line 1375.
) (/Users/pham/Library/TinyTeX/texmf-dist/tex/latex/hyperref/hyperref.sty
Package: hyperref 2022-02-21 v7.00n Hypertext links for LaTeX
(/Users/pham/Library/TinyTeX/texmf-dist/tex/generic/ltxcmds/ltxcmds.sty
Package: ltxcmds 2020-05-10 v1.25 LaTeX kernel commands for general use (HO)
) (/Users/pham/Library/TinyTeX/texmf-dist/tex/generic/pdftexcmds/pdftexcmds.sty
Package: pdftexcmds 2020-06-27 v0.33 Utility functions of pdfTeX for LuaTeX (HO)
(/Users/pham/Library/TinyTeX/texmf-dist/tex/generic/infwarerr/infwarerr.sty
Package: infwarerr 2019/12/03 v1.5 Providing info/warning/error messages (HO)
)
Package pdftexcmds Info: \pdf@primitive is available.
Package pdftexcmds Info: \pdf@ifprimitive is available.
Package pdftexcmds Info: \pdfdraftmode found.
) (/Users/pham/Library/TinyTeX/texmf-dist/tex/latex/graphics/keyval.sty
Package: keyval 2014/10/28 v1.15 key=value parser (DPC)
\KV@toks@=\toks23
) (/Users/pham/Library/TinyTeX/texmf-dist/tex/generic/kvsetkeys/kvsetkeys.sty
Package: kvsetkeys 2019/12/15 v1.18 Key value parser (HO)
) (/Users/pham/Library/TinyTeX/texmf-dist/tex/generic/kvdefinekeys/kvdefinekeys.sty
Package: kvdefinekeys 2019-12-19 v1.6 Define keys (HO)
) (/Users/pham/Library/TinyTeX/texmf-dist/tex/generic/pdfescape/pdfescape.sty
Package: pdfescape 2019/12/09 v1.15 Implements pdfTeX's escape features (HO)
) (/Users/pham/Library/TinyTeX/texmf-dist/tex/latex/hycolor/hycolor.sty
Package: hycolor 2020-01-27 v1.10 Color options for hyperref/bookmark (HO)
) (/Users/pham/Library/TinyTeX/texmf-dist/tex/latex/letltxmacro/letltxmacro.sty
Package: letltxmacro 2019/12/03 v1.6 Let assignment for LaTeX macros (HO)
) (/Users/pham/Library/TinyTeX/texmf-dist/tex/latex/auxhook/auxhook.sty
Package: auxhook 2019-12-17 v1.6 Hooks for auxiliary files (HO)
) (/Users/pham/Library/TinyTeX/texmf-dist/tex/latex/kvoptions/kvoptions.sty
Package: kvoptions 2020-10-07 v3.14 Key value format for package options (HO)
)
\@linkdim=\dimen148
\Hy@linkcounter=\count271
\Hy@pagecounter=\count272
(/Users/pham/Library/TinyTeX/texmf-dist/tex/latex/hyperref/pd1enc.def
File: pd1enc.def 2022-02-21 v7.00n Hyperref: PDFDocEncoding definition (HO)
Now handling font encoding PD1 ...
... no UTF-8 mapping file for font encoding PD1
) (/Users/pham/Library/TinyTeX/texmf-dist/tex/generic/intcalc/intcalc.sty
Package: intcalc 2019/12/15 v1.3 Expandable calculations with integers (HO)
) (/Users/pham/Library/TinyTeX/texmf-dist/tex/generic/etexcmds/etexcmds.sty
Package: etexcmds 2019/12/15 v1.7 Avoid name clashes with e-TeX commands (HO)
)
\Hy@SavedSpaceFactor=\count273
(/Users/pham/Library/TinyTeX/texmf-dist/tex/latex/hyperref/puenc.def
File: puenc.def 2022-02-21 v7.00n Hyperref: PDF Unicode definition (HO)
Now handling font encoding PU ...
... no UTF-8 mapping file for font encoding PU
)
Package hyperref Info: Option `unicode' set `true' on input line 4018.
Package hyperref Info: Hyper figures OFF on input line 4137.
Package hyperref Info: Link nesting OFF on input line 4142.
Package hyperref Info: Hyper index ON on input line 4145.
Package hyperref Info: Plain pages OFF on input line 4152.
Package hyperref Info: Backreferencing OFF on input line 4157.
Package hyperref Info: Implicit mode ON; LaTeX internals redefined.
Package hyperref Info: Bookmarks ON on input line 4390.
\c@Hy@tempcnt=\count274
(/Users/pham/Library/TinyTeX/texmf-dist/tex/latex/url/url.sty
\Urlmuskip=\muskip17
Package: url 2013/09/16  ver 3.4  Verb mode for urls, etc.
)
LaTeX Info: Redefining \url on input line 4749.
\XeTeXLinkMargin=\dimen149
(/Users/pham/Library/TinyTeX/texmf-dist/tex/generic/bitset/bitset.sty
Package: bitset 2019/12/09 v1.3 Handle bit-vector datatype (HO)
(/Users/pham/Library/TinyTeX/texmf-dist/tex/generic/bigintcalc/bigintcalc.sty
Package: bigintcalc 2019/12/15 v1.5 Expandable calculations on big integers (HO)
))
\Fld@menulength=\count275
\Field@Width=\dimen150
\Fld@charsize=\dimen151
Package hyperref Info: Hyper figures OFF on input line 6027.
Package hyperref Info: Link nesting OFF on input line 6032.
Package hyperref Info: Hyper index ON on input line 6035.
Package hyperref Info: backreferencing OFF on input line 6042.
Package hyperref Info: Link coloring OFF on input line 6047.
Package hyperref Info: Link coloring with OCG OFF on input line 6052.
Package hyperref Info: PDF/A mode OFF on input line 6057.
LaTeX Info: Redefining \ref on input line 6097.
LaTeX Info: Redefining \pageref on input line 6101.
(/Users/pham/Library/TinyTeX/texmf-dist/tex/latex/base/atbegshi-ltx.sty
Package: atbegshi-ltx 2021/01/10 v1.0c Emulation of the original atbegshi
package with kernel methods
)
\Hy@abspage=\count276
\c@Item=\count277
\c@Hfootnote=\count278
)
Package hyperref Info: Driver (autodetected): hpdftex.
(/Users/pham/Library/TinyTeX/texmf-dist/tex/latex/hyperref/hpdftex.def
File: hpdftex.def 2022-02-21 v7.00n Hyperref driver for pdfTeX
(/Users/pham/Library/TinyTeX/texmf-dist/tex/latex/base/atveryend-ltx.sty
Package: atveryend-ltx 2020/08/19 v1.0a Emulation of the original atveryend package
with kernel methods
)
\Fld@listcount=\count279
\c@bookmark@seq@number=\count280
(/Users/pham/Library/TinyTeX/texmf-dist/tex/latex/rerunfilecheck/rerunfilecheck.sty
Package: rerunfilecheck 2019/12/05 v1.9 Rerun checks for auxiliary files (HO)
(/Users/pham/Library/TinyTeX/texmf-dist/tex/generic/uniquecounter/uniquecounter.sty
Package: uniquecounter 2019/12/15 v1.4 Provide unlimited unique counter (HO)
)
Package uniquecounter Info: New unique counter `rerunfilecheck' on input line 286.
)
\Hy@SectionHShift=\skip52
) (/Users/pham/Library/TinyTeX/texmf-dist/tex/latex/geometry/geometry.sty
Package: geometry 2020/01/02 v5.9 Page Geometry
(/Users/pham/Library/TinyTeX/texmf-dist/tex/generic/iftex/ifvtex.sty
Package: ifvtex 2019/10/25 v1.7 ifvtex legacy package. Use iftex instead.
)
\Gm@cnth=\count281
\Gm@cntv=\count282
\c@Gm@tempcnt=\count283
\Gm@bindingoffset=\dimen152
\Gm@wd@mp=\dimen153
\Gm@odd@mp=\dimen154
\Gm@even@mp=\dimen155
\Gm@layoutwidth=\dimen156
\Gm@layoutheight=\dimen157
\Gm@layouthoffset=\dimen158
\Gm@layoutvoffset=\dimen159
\Gm@dimlist=\toks24
) (/Users/pham/Library/TinyTeX/texmf-dist/tex/latex/fancyvrb/fancyvrb.sty
Package: fancyvrb 2021/12/21 4.1b verbatim text (tvz,hv)
\FV@CodeLineNo=\count284
\FV@InFile=\read2
\FV@TabBox=\box52
\c@FancyVerbLine=\count285
\FV@StepNumber=\count286
\FV@OutFile=\write3
) (/Users/pham/Library/TinyTeX/texmf-dist/tex/latex/framed/framed.sty
Package: framed 2011/10/22 v 0.96: framed or shaded text with page breaks
\OuterFrameSep=\skip53
\fb@frw=\dimen160
\fb@frh=\dimen161
\FrameRule=\dimen162
\FrameSep=\dimen163
) (/Users/pham/Library/TinyTeX/texmf-dist/tex/latex/graphics/graphicx.sty
Package: graphicx 2021/09/16 v1.2d Enhanced LaTeX Graphics (DPC,SPQR)
(/Users/pham/Library/TinyTeX/texmf-dist/tex/latex/graphics/graphics.sty
Package: graphics 2021/03/04 v1.4d Standard LaTeX Graphics (DPC,SPQR)
(/Users/pham/Library/TinyTeX/texmf-dist/tex/latex/graphics/trig.sty
Package: trig 2021/08/11 v1.11 sin cos tan (DPC)
) (/Users/pham/Library/TinyTeX/texmf-dist/tex/latex/graphics-cfg/graphics.cfg
File: graphics.cfg 2016/06/04 v1.11 sample graphics configuration
)
Package graphics Info: Driver file: pdftex.def on input line 107.
)
\Gin@req@height=\dimen164
\Gin@req@width=\dimen165
) (/Users/pham/Library/TinyTeX/texmf-dist/tex/latex/l3backend/l3backend-pdftex.def
File: l3backend-pdftex.def 2022-02-07 L3 backend support: PDF output (pdfTeX)
\l__color_backend_stack_int=\count287
\l__pdf_internal_box=\box53
)

LaTeX Warning: Unused global option(s):
    [10.5pt].

(./project3.aux)
\openout1 = `project3.aux'.

LaTeX Font Info:    Checking defaults for OML/cmm/m/it on input line 111.
LaTeX Font Info:    ... okay on input line 111.
LaTeX Font Info:    Checking defaults for OMS/cmsy/m/n on input line 111.
LaTeX Font Info:    ... okay on input line 111.
LaTeX Font Info:    Checking defaults for OT1/cmr/m/n on input line 111.
LaTeX Font Info:    ... okay on input line 111.
LaTeX Font Info:    Checking defaults for T1/cmr/m/n on input line 111.
LaTeX Font Info:    ... okay on input line 111.
LaTeX Font Info:    Checking defaults for TS1/cmr/m/n on input line 111.
LaTeX Font Info:    ... okay on input line 111.
LaTeX Font Info:    Checking defaults for OMX/cmex/m/n on input line 111.
LaTeX Font Info:    ... okay on input line 111.
LaTeX Font Info:    Checking defaults for U/cmr/m/n on input line 111.
LaTeX Font Info:    ... okay on input line 111.
LaTeX Font Info:    Checking defaults for PD1/pdf/m/n on input line 111.
LaTeX Font Info:    ... okay on input line 111.
LaTeX Font Info:    Checking defaults for PU/pdf/m/n on input line 111.
LaTeX Font Info:    ... okay on input line 111.
(/Users/pham/Library/TinyTeX/texmf-dist/tex/latex/epstopdf-pkg/epstopdf-base.sty
Package: epstopdf-base 2020-01-24 v2.11 Base part for package epstopdf
Package epstopdf-base Info: Redefining graphics rule for `.eps' on input line 485.
(/Users/pham/Library/TinyTeX/texmf-dist/tex/latex/latexconfig/epstopdf-sys.cfg
File: epstopdf-sys.cfg 2010/07/13 v1.3 Configuration of (r)epstopdf for TeX Live
))
Package hyperref Info: Link coloring OFF on input line 111.
(/Users/pham/Library/TinyTeX/texmf-dist/tex/latex/hyperref/nameref.sty
Package: nameref 2021-04-02 v2.47 Cross-referencing by name of section
(/Users/pham/Library/TinyTeX/texmf-dist/tex/latex/refcount/refcount.sty
Package: refcount 2019/12/15 v3.6 Data extraction from label references (HO)
) (/Users/pham/Library/TinyTeX/texmf-dist/tex/generic/gettitlestring/gettitlestring.sty
Package: gettitlestring 2019/12/15 v1.6 Cleanup title references (HO)
)
\c@section@level=\count288
)
LaTeX Info: Redefining \ref on input line 111.
LaTeX Info: Redefining \pageref on input line 111.
LaTeX Info: Redefining \nameref on input line 111.
(./project3.out) (./project3.out)
\@outlinefile=\write4
\openout4 = `project3.out'.

*geometry* driver: auto-detecting
*geometry* detected driver: pdftex
*geometry* verbose mode - [ preamble ] result:
* driver: pdftex
* paper: <default>
* layout: <same size as paper>
* layoutoffset:(h,v)=(0.0pt,0.0pt)
* modes: 
* h-part:(L,W,R)=(72.26999pt, 469.75502pt, 72.26999pt)
* v-part:(T,H,B)=(72.26999pt, 650.43001pt, 72.26999pt)
* \paperwidth=614.295pt
* \paperheight=794.96999pt
* \textwidth=469.75502pt
* \textheight=650.43001pt
* \oddsidemargin=0.0pt
* \evensidemargin=0.0pt
* \topmargin=-37.0pt
* \headheight=12.0pt
* \headsep=25.0pt
* \topskip=10.0pt
* \footskip=30.0pt
* \marginparwidth=65.0pt
* \marginparsep=11.0pt
* \columnsep=10.0pt
* \skip\footins=9.0pt plus 4.0pt minus 2.0pt
* \hoffset=0.0pt
* \voffset=0.0pt
* \mag=1000
* \@twocolumnfalse
* \@twosidefalse
* \@mparswitchfalse
* \@reversemarginfalse
* (1in=72.27pt=25.4mm, 1cm=28.453pt)

LaTeX Font Info:    Trying to load font information for OT1+ppl on input line 113.
(/Users/pham/Library/TinyTeX/texmf-dist/tex/latex/psnfss/ot1ppl.fd
File: ot1ppl.fd 2001/06/04 font definitions for OT1/ppl.
)
LaTeX Font Info:    Trying to load font information for OML+zplm on input line 113.
(/Users/pham/Library/TinyTeX/texmf-dist/tex/latex/psnfss/omlzplm.fd
File: omlzplm.fd 2002/09/08 Fontinst v1.914 font definitions for OML/zplm.
)
LaTeX Font Info:    Trying to load font information for OMS+zplm on input line 113.
(/Users/pham/Library/TinyTeX/texmf-dist/tex/latex/psnfss/omszplm.fd
File: omszplm.fd 2002/09/08 Fontinst v1.914 font definitions for OMS/zplm.
)
LaTeX Font Info:    Trying to load font information for OMX+zplm on input line 113.
(/Users/pham/Library/TinyTeX/texmf-dist/tex/latex/psnfss/omxzplm.fd
File: omxzplm.fd 2002/09/08 Fontinst v1.914 font definitions for OMX/zplm.
)
LaTeX Font Info:    Font shape `U/msa/m/n' will be
(Font)              scaled to size 12.50409pt on input line 113.
LaTeX Font Info:    Font shape `U/msa/m/n' will be
(Font)              scaled to size 9.37807pt on input line 113.
LaTeX Font Info:    Font shape `U/msa/m/n' will be
(Font)              scaled to size 7.29405pt on input line 113.
LaTeX Font Info:    Font shape `U/msb/m/n' will be
(Font)              scaled to size 12.50409pt on input line 113.
LaTeX Font Info:    Font shape `U/msb/m/n' will be
(Font)              scaled to size 9.37807pt on input line 113.
LaTeX Font Info:    Font shape `U/msb/m/n' will be
(Font)              scaled to size 7.29405pt on input line 113.
LaTeX Font Info:    Trying to load font information for OT1+zplm on input line 113.
(/Users/pham/Library/TinyTeX/texmf-dist/tex/latex/psnfss/ot1zplm.fd
File: ot1zplm.fd 2002/09/08 Fontinst v1.914 font definitions for OT1/zplm.
) (./project3.toc
LaTeX Font Info:    Font shape `U/msa/m/n' will be
(Font)              scaled to size 10.42007pt on input line 2.
LaTeX Font Info:    Font shape `U/msa/m/n' will be
(Font)              scaled to size 7.91925pt on input line 2.
LaTeX Font Info:    Font shape `U/msa/m/n' will be
(Font)              scaled to size 6.25204pt on input line 2.
LaTeX Font Info:    Font shape `U/msb/m/n' will be
(Font)              scaled to size 10.42007pt on input line 2.
LaTeX Font Info:    Font shape `U/msb/m/n' will be
(Font)              scaled to size 7.91925pt on input line 2.
LaTeX Font Info:    Font shape `U/msb/m/n' will be
(Font)              scaled to size 6.25204pt on input line 2.
)
\tf@toc=\write5
\openout5 = `project3.toc'.

[1

{/Users/pham/Library/TinyTeX/texmf-var/fonts/map/pdftex/updmap/pdftex.map}]
LaTeX Font Info:    Trying to load font information for T1+cmtt on input line 163.
(/Users/pham/Library/TinyTeX/texmf-dist/tex/latex/base/t1cmtt.fd
File: t1cmtt.fd 2019/12/16 v2.5j Standard LaTeX font definitions
) [2]
Underfull \vbox (badness 10000) detected at line 262
 []


Underfull \vbox (badness 10000) detected at line 262
 []

[3] [4]
<project3_files/figure-latex/unnamed-chunk-2-1.pdf, id=121, 469.755pt x 325.215pt>
File: project3_files/figure-latex/unnamed-chunk-2-1.pdf Graphic file (type pdf)
<use project3_files/figure-latex/unnamed-chunk-2-1.pdf>
Package pdftex.def Info: project3_files/figure-latex/unnamed-chunk-2-1.pdf  used on input line 286.
(pdftex.def)             Requested size: 469.75386pt x 325.2142pt.
LaTeX Font Info:    Font shape `T1/cmtt/bx/n' in size <10> not available
(Font)              Font shape `T1/cmtt/m/n' tried instead on input line 297.
LaTeX Font Info:    Trying to load font information for TS1+cmtt on input line 300.
(/Users/pham/Library/TinyTeX/texmf-dist/tex/latex/base/ts1cmtt.fd
File: ts1cmtt.fd 2019/12/16 v2.5j Standard LaTeX font definitions
) [5 <./project3_files/figure-latex/unnamed-chunk-2-1.pdf>]
<project3_files/figure-latex/unnamed-chunk-3-1.pdf, id=135, 469.755pt x 325.215pt>
File: project3_files/figure-latex/unnamed-chunk-3-1.pdf Graphic file (type pdf)
<use project3_files/figure-latex/unnamed-chunk-3-1.pdf>
Package pdftex.def Info: project3_files/figure-latex/unnamed-chunk-3-1.pdf  used on input line 312.
(pdftex.def)             Requested size: 469.75386pt x 325.2142pt.
<project3_files/figure-latex/unnamed-chunk-3-2.pdf, id=136, 469.755pt x 325.215pt>
File: project3_files/figure-latex/unnamed-chunk-3-2.pdf Graphic file (type pdf)
<use project3_files/figure-latex/unnamed-chunk-3-2.pdf>
Package pdftex.def Info: project3_files/figure-latex/unnamed-chunk-3-2.pdf  used on input line 320.
(pdftex.def)             Requested size: 469.75386pt x 325.2142pt.
[6 <./project3_files/figure-latex/unnamed-chunk-3-1.pdf>]
<project3_files/figure-latex/unnamed-chunk-3-3.pdf, id=146, 469.755pt x 325.215pt>
File: project3_files/figure-latex/unnamed-chunk-3-3.pdf Graphic file (type pdf)
<use project3_files/figure-latex/unnamed-chunk-3-3.pdf>
Package pdftex.def Info: project3_files/figure-latex/unnamed-chunk-3-3.pdf  used on input line 328.
(pdftex.def)             Requested size: 469.75386pt x 325.2142pt.
[7 <./project3_files/figure-latex/unnamed-chunk-3-2.pdf>]
<project3_files/figure-latex/unnamed-chunk-3-4.pdf, id=158, 469.755pt x 325.215pt>
File: project3_files/figure-latex/unnamed-chunk-3-4.pdf Graphic file (type pdf)
<use project3_files/figure-latex/unnamed-chunk-3-4.pdf>
Package pdftex.def Info: project3_files/figure-latex/unnamed-chunk-3-4.pdf  used on input line 336.
(pdftex.def)             Requested size: 469.75386pt x 325.2142pt.
[8 <./project3_files/figure-latex/unnamed-chunk-3-3.pdf>]
<project3_files/figure-latex/unnamed-chunk-4-1.pdf, id=168, 469.755pt x 325.215pt>
File: project3_files/figure-latex/unnamed-chunk-4-1.pdf Graphic file (type pdf)
<use project3_files/figure-latex/unnamed-chunk-4-1.pdf>
Package pdftex.def Info: project3_files/figure-latex/unnamed-chunk-4-1.pdf  used on input line 347.
(pdftex.def)             Requested size: 469.75386pt x 325.2142pt.
[9 <./project3_files/figure-latex/unnamed-chunk-3-4.pdf>]
<project3_files/figure-latex/unnamed-chunk-4-2.pdf, id=178, 469.755pt x 325.215pt>
File: project3_files/figure-latex/unnamed-chunk-4-2.pdf Graphic file (type pdf)
<use project3_files/figure-latex/unnamed-chunk-4-2.pdf>
Package pdftex.def Info: project3_files/figure-latex/unnamed-chunk-4-2.pdf  used on input line 355.
(pdftex.def)             Requested size: 469.75386pt x 325.2142pt.
[10 <./project3_files/figure-latex/unnamed-chunk-4-1.pdf>]
<project3_files/figure-latex/unnamed-chunk-5-1.pdf, id=188, 469.755pt x 325.215pt>
File: project3_files/figure-latex/unnamed-chunk-5-1.pdf Graphic file (type pdf)
<use project3_files/figure-latex/unnamed-chunk-5-1.pdf>
Package pdftex.def Info: project3_files/figure-latex/unnamed-chunk-5-1.pdf  used on input line 373.
(pdftex.def)             Requested size: 469.75386pt x 325.2142pt.

Underfull \hbox (badness 10000) in paragraph at lines 373--376
[][]
 []

[11 <./project3_files/figure-latex/unnamed-chunk-4-2.pdf>]
<project3_files/figure-latex/unnamed-chunk-6-1.pdf, id=199, 469.755pt x 325.215pt>
File: project3_files/figure-latex/unnamed-chunk-6-1.pdf Graphic file (type pdf)
<use project3_files/figure-latex/unnamed-chunk-6-1.pdf>
Package pdftex.def Info: project3_files/figure-latex/unnamed-chunk-6-1.pdf  used on input line 386.
(pdftex.def)             Requested size: 469.75386pt x 325.2142pt.
[12 <./project3_files/figure-latex/unnamed-chunk-5-1.pdf>]
<project3_files/figure-latex/unnamed-chunk-7-1.pdf, id=210, 469.755pt x 325.215pt>
File: project3_files/figure-latex/unnamed-chunk-7-1.pdf Graphic file (type pdf)
<use project3_files/figure-latex/unnamed-chunk-7-1.pdf>
Package pdftex.def Info: project3_files/figure-latex/unnamed-chunk-7-1.pdf  used on input line 400.
(pdftex.def)             Requested size: 469.75386pt x 325.2142pt.
[13 <./project3_files/figure-latex/unnamed-chunk-6-1.pdf>]
<project3_files/figure-latex/unnamed-chunk-8-1.pdf, id=222, 469.755pt x 325.215pt>
File: project3_files/figure-latex/unnamed-chunk-8-1.pdf Graphic file (type pdf)
<use project3_files/figure-latex/unnamed-chunk-8-1.pdf>
Package pdftex.def Info: project3_files/figure-latex/unnamed-chunk-8-1.pdf  used on input line 414.
(pdftex.def)             Requested size: 469.75386pt x 325.2142pt.
[14 <./project3_files/figure-latex/unnamed-chunk-7-1.pdf>]
<project3_files/figure-latex/unnamed-chunk-9-1.pdf, id=233, 469.755pt x 325.215pt>
File: project3_files/figure-latex/unnamed-chunk-9-1.pdf Graphic file (type pdf)
<use project3_files/figure-latex/unnamed-chunk-9-1.pdf>
Package pdftex.def Info: project3_files/figure-latex/unnamed-chunk-9-1.pdf  used on input line 428.
(pdftex.def)             Requested size: 469.75386pt x 325.2142pt.
[15 <./project3_files/figure-latex/unnamed-chunk-8-1.pdf>]
<project3_files/figure-latex/unnamed-chunk-10-1.pdf, id=244, 469.755pt x 325.215pt>
File: project3_files/figure-latex/unnamed-chunk-10-1.pdf Graphic file (type pdf)
<use project3_files/figure-latex/unnamed-chunk-10-1.pdf>
Package pdftex.def Info: project3_files/figure-latex/unnamed-chunk-10-1.pdf  used on input line 451.
(pdftex.def)             Requested size: 469.75386pt x 325.2142pt.
[16 <./project3_files/figure-latex/unnamed-chunk-9-1.pdf>] [17 <./project3_files/figure-latex/unnamed-chunk-10-1.pdf>]
<project3_files/figure-latex/unnamed-chunk-13-1.pdf, id=268, 469.755pt x 325.215pt>
File: project3_files/figure-latex/unnamed-chunk-13-1.pdf Graphic file (type pdf)
<use project3_files/figure-latex/unnamed-chunk-13-1.pdf>
Package pdftex.def Info: project3_files/figure-latex/unnamed-chunk-13-1.pdf  used on input line 541.
(pdftex.def)             Requested size: 469.75386pt x 325.2142pt.
[18]
<project3_files/figure-latex/unnamed-chunk-14-1.pdf, id=273, 469.755pt x 325.215pt>
File: project3_files/figure-latex/unnamed-chunk-14-1.pdf Graphic file (type pdf)
<use project3_files/figure-latex/unnamed-chunk-14-1.pdf>
Package pdftex.def Info: project3_files/figure-latex/unnamed-chunk-14-1.pdf  used on input line 563.
(pdftex.def)             Requested size: 469.75386pt x 325.2142pt.
[19 <./project3_files/figure-latex/unnamed-chunk-13-1.pdf>]
<project3_files/figure-latex/unnamed-chunk-14-2.pdf, id=289, 469.755pt x 325.215pt>
File: project3_files/figure-latex/unnamed-chunk-14-2.pdf Graphic file (type pdf)
<use project3_files/figure-latex/unnamed-chunk-14-2.pdf>
Package pdftex.def Info: project3_files/figure-latex/unnamed-chunk-14-2.pdf  used on input line 571.
(pdftex.def)             Requested size: 469.75386pt x 325.2142pt.
[20 <./project3_files/figure-latex/unnamed-chunk-14-1.pdf>]
<project3_files/figure-latex/unnamed-chunk-15-1.pdf, id=300, 469.755pt x 325.215pt>
File: project3_files/figure-latex/unnamed-chunk-15-1.pdf Graphic file (type pdf)
<use project3_files/figure-latex/unnamed-chunk-15-1.pdf>
Package pdftex.def Info: project3_files/figure-latex/unnamed-chunk-15-1.pdf  used on input line 592.
(pdftex.def)             Requested size: 469.75386pt x 325.2142pt.
[21 <./project3_files/figure-latex/unnamed-chunk-14-2.pdf>]
<project3_files/figure-latex/unnamed-chunk-15-2.pdf, id=310, 469.755pt x 325.215pt>
File: project3_files/figure-latex/unnamed-chunk-15-2.pdf Graphic file (type pdf)
<use project3_files/figure-latex/unnamed-chunk-15-2.pdf>
Package pdftex.def Info: project3_files/figure-latex/unnamed-chunk-15-2.pdf  used on input line 600.
(pdftex.def)             Requested size: 469.75386pt x 325.2142pt.
[22 <./project3_files/figure-latex/unnamed-chunk-15-1.pdf>]
<project3_files/figure-latex/unnamed-chunk-16-1.pdf, id=325, 469.755pt x 325.215pt>
File: project3_files/figure-latex/unnamed-chunk-16-1.pdf Graphic file (type pdf)
<use project3_files/figure-latex/unnamed-chunk-16-1.pdf>
Package pdftex.def Info: project3_files/figure-latex/unnamed-chunk-16-1.pdf  used on input line 616.
(pdftex.def)             Requested size: 469.75386pt x 325.2142pt.
[23 <./project3_files/figure-latex/unnamed-chunk-15-2.pdf>]
<project3_files/figure-latex/unnamed-chunk-17-1.pdf, id=342, 469.755pt x 325.215pt>
File: project3_files/figure-latex/unnamed-chunk-17-1.pdf Graphic file (type pdf)
<use project3_files/figure-latex/unnamed-chunk-17-1.pdf>
Package pdftex.def Info: project3_files/figure-latex/unnamed-chunk-17-1.pdf  used on input line 631.
(pdftex.def)             Requested size: 469.75386pt x 325.2142pt.
[24 <./project3_files/figure-latex/unnamed-chunk-16-1.pdf>] [25 <./project3_files/figure-latex/unnamed-chunk-17-1.pdf>]
<project3_files/figure-latex/unnamed-chunk-20-1.pdf, id=367, 469.755pt x 325.215pt>
File: project3_files/figure-latex/unnamed-chunk-20-1.pdf Graphic file (type pdf)
<use project3_files/figure-latex/unnamed-chunk-20-1.pdf>
Package pdftex.def Info: project3_files/figure-latex/unnamed-chunk-20-1.pdf  used on input line 718.
(pdftex.def)             Requested size: 469.75386pt x 325.2142pt.
[26]
<project3_files/figure-latex/unnamed-chunk-21-1.pdf, id=372, 469.755pt x 325.215pt>
File: project3_files/figure-latex/unnamed-chunk-21-1.pdf Graphic file (type pdf)
<use project3_files/figure-latex/unnamed-chunk-21-1.pdf>
Package pdftex.def Info: project3_files/figure-latex/unnamed-chunk-21-1.pdf  used on input line 731.
(pdftex.def)             Requested size: 469.75386pt x 325.2142pt.
[27 <./project3_files/figure-latex/unnamed-chunk-20-1.pdf>]
<project3_files/figure-latex/unnamed-chunk-21-2.pdf, id=384, 469.755pt x 325.215pt>
File: project3_files/figure-latex/unnamed-chunk-21-2.pdf Graphic file (type pdf)
<use project3_files/figure-latex/unnamed-chunk-21-2.pdf>
Package pdftex.def Info: project3_files/figure-latex/unnamed-chunk-21-2.pdf  used on input line 739.
(pdftex.def)             Requested size: 469.75386pt x 325.2142pt.
[28 <./project3_files/figure-latex/unnamed-chunk-21-1.pdf>]
<project3_files/figure-latex/unnamed-chunk-22-1.pdf, id=394, 469.755pt x 325.215pt>
File: project3_files/figure-latex/unnamed-chunk-22-1.pdf Graphic file (type pdf)
<use project3_files/figure-latex/unnamed-chunk-22-1.pdf>
Package pdftex.def Info: project3_files/figure-latex/unnamed-chunk-22-1.pdf  used on input line 749.
(pdftex.def)             Requested size: 469.75386pt x 325.2142pt.
[29 <./project3_files/figure-latex/unnamed-chunk-21-2.pdf>]
<project3_files/figure-latex/unnamed-chunk-22-2.pdf, id=404, 469.755pt x 325.215pt>
File: project3_files/figure-latex/unnamed-chunk-22-2.pdf Graphic file (type pdf)
<use project3_files/figure-latex/unnamed-chunk-22-2.pdf>
Package pdftex.def Info: project3_files/figure-latex/unnamed-chunk-22-2.pdf  used on input line 757.
(pdftex.def)             Requested size: 469.75386pt x 325.2142pt.
[30 <./project3_files/figure-latex/unnamed-chunk-22-1.pdf>]
<project3_files/figure-latex/unnamed-chunk-23-1.pdf, id=419, 469.755pt x 325.215pt>
File: project3_files/figure-latex/unnamed-chunk-23-1.pdf Graphic file (type pdf)
<use project3_files/figure-latex/unnamed-chunk-23-1.pdf>
Package pdftex.def Info: project3_files/figure-latex/unnamed-chunk-23-1.pdf  used on input line 773.
(pdftex.def)             Requested size: 469.75386pt x 325.2142pt.
[31 <./project3_files/figure-latex/unnamed-chunk-22-2.pdf>]
<project3_files/figure-latex/unnamed-chunk-24-1.pdf, id=438, 469.755pt x 325.215pt>
File: project3_files/figure-latex/unnamed-chunk-24-1.pdf Graphic file (type pdf)
<use project3_files/figure-latex/unnamed-chunk-24-1.pdf>
Package pdftex.def Info: project3_files/figure-latex/unnamed-chunk-24-1.pdf  used on input line 786.
(pdftex.def)             Requested size: 469.75386pt x 325.2142pt.
[32 <./project3_files/figure-latex/unnamed-chunk-23-1.pdf>] [33 <./project3_files/figure-latex/unnamed-chunk-24-1.pdf>] [34]
<project3_files/figure-latex/unnamed-chunk-27-1.pdf, id=466, 469.755pt x 325.215pt>
File: project3_files/figure-latex/unnamed-chunk-27-1.pdf Graphic file (type pdf)
<use project3_files/figure-latex/unnamed-chunk-27-1.pdf>
Package pdftex.def Info: project3_files/figure-latex/unnamed-chunk-27-1.pdf  used on input line 907.
(pdftex.def)             Requested size: 469.75386pt x 325.2142pt.
[35 <./project3_files/figure-latex/unnamed-chunk-27-1.pdf>]
<project3_files/figure-latex/unnamed-chunk-28-1.pdf, id=477, 469.755pt x 325.215pt>
File: project3_files/figure-latex/unnamed-chunk-28-1.pdf Graphic file (type pdf)
<use project3_files/figure-latex/unnamed-chunk-28-1.pdf>
Package pdftex.def Info: project3_files/figure-latex/unnamed-chunk-28-1.pdf  used on input line 920.
(pdftex.def)             Requested size: 469.75386pt x 325.2142pt.
<project3_files/figure-latex/unnamed-chunk-28-2.pdf, id=478, 469.755pt x 325.215pt>
File: project3_files/figure-latex/unnamed-chunk-28-2.pdf Graphic file (type pdf)
<use project3_files/figure-latex/unnamed-chunk-28-2.pdf>
Package pdftex.def Info: project3_files/figure-latex/unnamed-chunk-28-2.pdf  used on input line 928.
(pdftex.def)             Requested size: 469.75386pt x 325.2142pt.
[36 <./project3_files/figure-latex/unnamed-chunk-28-1.pdf>]
<project3_files/figure-latex/unnamed-chunk-29-1.pdf, id=489, 469.755pt x 325.215pt>
File: project3_files/figure-latex/unnamed-chunk-29-1.pdf Graphic file (type pdf)
<use project3_files/figure-latex/unnamed-chunk-29-1.pdf>
Package pdftex.def Info: project3_files/figure-latex/unnamed-chunk-29-1.pdf  used on input line 938.
(pdftex.def)             Requested size: 469.75386pt x 325.2142pt.
[37 <./project3_files/figure-latex/unnamed-chunk-28-2.pdf>]
<project3_files/figure-latex/unnamed-chunk-29-2.pdf, id=500, 469.755pt x 325.215pt>
File: project3_files/figure-latex/unnamed-chunk-29-2.pdf Graphic file (type pdf)
<use project3_files/figure-latex/unnamed-chunk-29-2.pdf>
Package pdftex.def Info: project3_files/figure-latex/unnamed-chunk-29-2.pdf  used on input line 946.
(pdftex.def)             Requested size: 469.75386pt x 325.2142pt.
[38 <./project3_files/figure-latex/unnamed-chunk-29-1.pdf>]
<project3_files/figure-latex/unnamed-chunk-30-1.pdf, id=515, 469.755pt x 325.215pt>
File: project3_files/figure-latex/unnamed-chunk-30-1.pdf Graphic file (type pdf)
<use project3_files/figure-latex/unnamed-chunk-30-1.pdf>
Package pdftex.def Info: project3_files/figure-latex/unnamed-chunk-30-1.pdf  used on input line 962.
(pdftex.def)             Requested size: 469.75386pt x 325.2142pt.
[39 <./project3_files/figure-latex/unnamed-chunk-29-2.pdf>]
<project3_files/figure-latex/unnamed-chunk-31-1.pdf, id=532, 469.755pt x 325.215pt>
File: project3_files/figure-latex/unnamed-chunk-31-1.pdf Graphic file (type pdf)
<use project3_files/figure-latex/unnamed-chunk-31-1.pdf>
Package pdftex.def Info: project3_files/figure-latex/unnamed-chunk-31-1.pdf  used on input line 975.
(pdftex.def)             Requested size: 469.75386pt x 325.2142pt.
[40 <./project3_files/figure-latex/unnamed-chunk-30-1.pdf>]
<project3_files/figure-latex/unnamed-chunk-32-1.pdf, id=543, 469.755pt x 325.215pt>
File: project3_files/figure-latex/unnamed-chunk-32-1.pdf Graphic file (type pdf)
<use project3_files/figure-latex/unnamed-chunk-32-1.pdf>
Package pdftex.def Info: project3_files/figure-latex/unnamed-chunk-32-1.pdf  used on input line 1003.
(pdftex.def)             Requested size: 469.75386pt x 325.2142pt.
[41 <./project3_files/figure-latex/unnamed-chunk-31-1.pdf>]
<project3_files/figure-latex/unnamed-chunk-32-2.pdf, id=557, 469.755pt x 325.215pt>
File: project3_files/figure-latex/unnamed-chunk-32-2.pdf Graphic file (type pdf)
<use project3_files/figure-latex/unnamed-chunk-32-2.pdf>
Package pdftex.def Info: project3_files/figure-latex/unnamed-chunk-32-2.pdf  used on input line 1013.
(pdftex.def)             Requested size: 469.75386pt x 325.2142pt.
[42 <./project3_files/figure-latex/unnamed-chunk-32-1.pdf>]
<project3_files/figure-latex/unnamed-chunk-33-1.pdf, id=571, 469.755pt x 325.215pt>
File: project3_files/figure-latex/unnamed-chunk-33-1.pdf Graphic file (type pdf)
<use project3_files/figure-latex/unnamed-chunk-33-1.pdf>
Package pdftex.def Info: project3_files/figure-latex/unnamed-chunk-33-1.pdf  used on input line 1029.
(pdftex.def)             Requested size: 469.75386pt x 325.2142pt.
[43 <./project3_files/figure-latex/unnamed-chunk-32-2.pdf>]
<project3_files/figure-latex/unnamed-chunk-33-2.pdf, id=587, 469.755pt x 325.215pt>
File: project3_files/figure-latex/unnamed-chunk-33-2.pdf Graphic file (type pdf)
<use project3_files/figure-latex/unnamed-chunk-33-2.pdf>
Package pdftex.def Info: project3_files/figure-latex/unnamed-chunk-33-2.pdf  used on input line 1037.
(pdftex.def)             Requested size: 469.75386pt x 325.2142pt.
[44 <./project3_files/figure-latex/unnamed-chunk-33-1.pdf>]
<project3_files/figure-latex/unnamed-chunk-34-1.pdf, id=597, 469.755pt x 325.215pt>
File: project3_files/figure-latex/unnamed-chunk-34-1.pdf Graphic file (type pdf)
<use project3_files/figure-latex/unnamed-chunk-34-1.pdf>
Package pdftex.def Info: project3_files/figure-latex/unnamed-chunk-34-1.pdf  used on input line 1047.
(pdftex.def)             Requested size: 469.75386pt x 325.2142pt.
[45 <./project3_files/figure-latex/unnamed-chunk-33-2.pdf>]
<project3_files/figure-latex/unnamed-chunk-34-2.pdf, id=607, 469.755pt x 325.215pt>
File: project3_files/figure-latex/unnamed-chunk-34-2.pdf Graphic file (type pdf)
<use project3_files/figure-latex/unnamed-chunk-34-2.pdf>
Package pdftex.def Info: project3_files/figure-latex/unnamed-chunk-34-2.pdf  used on input line 1055.
(pdftex.def)             Requested size: 469.75386pt x 325.2142pt.
[46 <./project3_files/figure-latex/unnamed-chunk-34-1.pdf>]
<project3_files/figure-latex/unnamed-chunk-35-1.pdf, id=622, 469.755pt x 325.215pt>
File: project3_files/figure-latex/unnamed-chunk-35-1.pdf Graphic file (type pdf)
<use project3_files/figure-latex/unnamed-chunk-35-1.pdf>
Package pdftex.def Info: project3_files/figure-latex/unnamed-chunk-35-1.pdf  used on input line 1075.
(pdftex.def)             Requested size: 469.75386pt x 325.2142pt.
[47 <./project3_files/figure-latex/unnamed-chunk-34-2.pdf>]
<project3_files/figure-latex/unnamed-chunk-36-1.pdf, id=639, 469.755pt x 325.215pt>
File: project3_files/figure-latex/unnamed-chunk-36-1.pdf Graphic file (type pdf)
<use project3_files/figure-latex/unnamed-chunk-36-1.pdf>
Package pdftex.def Info: project3_files/figure-latex/unnamed-chunk-36-1.pdf  used on input line 1088.
(pdftex.def)             Requested size: 469.75386pt x 325.2142pt.
[48 <./project3_files/figure-latex/unnamed-chunk-35-1.pdf>]
<project3_files/figure-latex/unnamed-chunk-37-1.pdf, id=650, 469.755pt x 325.215pt>
File: project3_files/figure-latex/unnamed-chunk-37-1.pdf Graphic file (type pdf)
<use project3_files/figure-latex/unnamed-chunk-37-1.pdf>
Package pdftex.def Info: project3_files/figure-latex/unnamed-chunk-37-1.pdf  used on input line 1109.
(pdftex.def)             Requested size: 469.75386pt x 325.2142pt.
<project3_files/figure-latex/unnamed-chunk-37-2.pdf, id=651, 469.755pt x 325.215pt>
File: project3_files/figure-latex/unnamed-chunk-37-2.pdf Graphic file (type pdf)
<use project3_files/figure-latex/unnamed-chunk-37-2.pdf>
Package pdftex.def Info: project3_files/figure-latex/unnamed-chunk-37-2.pdf  used on input line 1110.
(pdftex.def)             Requested size: 469.75386pt x 325.2142pt.

Underfull \hbox (badness 10000) in paragraph at lines 1109--1111
[][]
 []

[49 <./project3_files/figure-latex/unnamed-chunk-36-1.pdf>] [50 <./project3_files/figure-latex/unnamed-chunk-37-1.pdf>]
<project3_files/figure-latex/unnamed-chunk-38-1.pdf, id=674, 469.755pt x 325.215pt>
File: project3_files/figure-latex/unnamed-chunk-38-1.pdf Graphic file (type pdf)
<use project3_files/figure-latex/unnamed-chunk-38-1.pdf>
Package pdftex.def Info: project3_files/figure-latex/unnamed-chunk-38-1.pdf  used on input line 1129.
(pdftex.def)             Requested size: 469.75386pt x 325.2142pt.
[51 <./project3_files/figure-latex/unnamed-chunk-37-2.pdf>]
<project3_files/figure-latex/unnamed-chunk-38-2.pdf, id=688, 469.755pt x 325.215pt>
File: project3_files/figure-latex/unnamed-chunk-38-2.pdf Graphic file (type pdf)
<use project3_files/figure-latex/unnamed-chunk-38-2.pdf>
Package pdftex.def Info: project3_files/figure-latex/unnamed-chunk-38-2.pdf  used on input line 1137.
(pdftex.def)             Requested size: 469.75386pt x 325.2142pt.
[52 <./project3_files/figure-latex/unnamed-chunk-38-1.pdf>]
<project3_files/figure-latex/unnamed-chunk-39-1.pdf, id=702, 469.755pt x 325.215pt>
File: project3_files/figure-latex/unnamed-chunk-39-1.pdf Graphic file (type pdf)
<use project3_files/figure-latex/unnamed-chunk-39-1.pdf>
Package pdftex.def Info: project3_files/figure-latex/unnamed-chunk-39-1.pdf  used on input line 1146.
(pdftex.def)             Requested size: 469.75386pt x 325.2142pt.
[53 <./project3_files/figure-latex/unnamed-chunk-38-2.pdf>]
<project3_files/figure-latex/unnamed-chunk-39-2.pdf, id=715, 469.755pt x 325.215pt>
File: project3_files/figure-latex/unnamed-chunk-39-2.pdf Graphic file (type pdf)
<use project3_files/figure-latex/unnamed-chunk-39-2.pdf>
Package pdftex.def Info: project3_files/figure-latex/unnamed-chunk-39-2.pdf  used on input line 1154.
(pdftex.def)             Requested size: 469.75386pt x 325.2142pt.
[54 <./project3_files/figure-latex/unnamed-chunk-39-1.pdf>]
<project3_files/figure-latex/unnamed-chunk-39-3.pdf, id=725, 469.755pt x 325.215pt>
File: project3_files/figure-latex/unnamed-chunk-39-3.pdf Graphic file (type pdf)
<use project3_files/figure-latex/unnamed-chunk-39-3.pdf>
Package pdftex.def Info: project3_files/figure-latex/unnamed-chunk-39-3.pdf  used on input line 1165.
(pdftex.def)             Requested size: 469.75386pt x 325.2142pt.
[55 <./project3_files/figure-latex/unnamed-chunk-39-2.pdf>] [56 <./project3_files/figure-latex/unnamed-chunk-39-3.pdf>] [57]
<project3_files/figure-latex/unnamed-chunk-45-1.pdf, id=756, 469.755pt x 325.215pt>
File: project3_files/figure-latex/unnamed-chunk-45-1.pdf Graphic file (type pdf)
<use project3_files/figure-latex/unnamed-chunk-45-1.pdf>
Package pdftex.def Info: project3_files/figure-latex/unnamed-chunk-45-1.pdf  used on input line 1303.
(pdftex.def)             Requested size: 469.75386pt x 325.2142pt.
<project3_files/figure-latex/unnamed-chunk-45-2.pdf, id=757, 469.755pt x 325.215pt>
File: project3_files/figure-latex/unnamed-chunk-45-2.pdf Graphic file (type pdf)
<use project3_files/figure-latex/unnamed-chunk-45-2.pdf>
Package pdftex.def Info: project3_files/figure-latex/unnamed-chunk-45-2.pdf  used on input line 1304.
(pdftex.def)             Requested size: 469.75386pt x 325.2142pt.

Underfull \hbox (badness 10000) in paragraph at lines 1303--1305
[][]
 []

[58 <./project3_files/figure-latex/unnamed-chunk-45-1.pdf>] [59 <./project3_files/figure-latex/unnamed-chunk-45-2.pdf>]
<project3_files/figure-latex/unnamed-chunk-48-1.pdf, id=778, 469.755pt x 325.215pt>
File: project3_files/figure-latex/unnamed-chunk-48-1.pdf Graphic file (type pdf)
<use project3_files/figure-latex/unnamed-chunk-48-1.pdf>
Package pdftex.def Info: project3_files/figure-latex/unnamed-chunk-48-1.pdf  used on input line 1361.
(pdftex.def)             Requested size: 469.75386pt x 325.2142pt.
<project3_files/figure-latex/unnamed-chunk-49-1.pdf, id=779, 469.755pt x 325.215pt>
File: project3_files/figure-latex/unnamed-chunk-49-1.pdf Graphic file (type pdf)
<use project3_files/figure-latex/unnamed-chunk-49-1.pdf>
Package pdftex.def Info: project3_files/figure-latex/unnamed-chunk-49-1.pdf  used on input line 1380.
(pdftex.def)             Requested size: 469.75386pt x 325.2142pt.
[60 <./project3_files/figure-latex/unnamed-chunk-48-1.pdf>]
<project3_files/figure-latex/unnamed-chunk-50-1.pdf, id=792, 469.755pt x 325.215pt>
File: project3_files/figure-latex/unnamed-chunk-50-1.pdf Graphic file (type pdf)
<use project3_files/figure-latex/unnamed-chunk-50-1.pdf>
Package pdftex.def Info: project3_files/figure-latex/unnamed-chunk-50-1.pdf  used on input line 1399.
(pdftex.def)             Requested size: 469.75386pt x 325.2142pt.
[61 <./project3_files/figure-latex/unnamed-chunk-49-1.pdf>] [62 <./project3_files/figure-latex/unnamed-chunk-50-1.pdf>]
Overfull \hbox (123.35014pt too wide) in paragraph at lines 1506--1506
[]\T1/cmtt/m/n/10 ## btc_ts = btc_ts.l1 + eth_ts.l1 + btc_ts.l2 + eth_ts.l2 + btc_ts.l3 + eth_ts.l3 + btc_ts.l4 + eth_ts.l4 + const[] 
 []


Overfull \hbox (123.35014pt too wide) in paragraph at lines 1506--1506
[]\T1/cmtt/m/n/10 ## eth_ts = btc_ts.l1 + eth_ts.l1 + btc_ts.l2 + eth_ts.l2 + btc_ts.l3 + eth_ts.l3 + btc_ts.l4 + eth_ts.l4 + const[] 
 []

[63]
<project3_files/figure-latex/unnamed-chunk-52-1.pdf, id=824, 469.755pt x 325.215pt>
File: project3_files/figure-latex/unnamed-chunk-52-1.pdf Graphic file (type pdf)
<use project3_files/figure-latex/unnamed-chunk-52-1.pdf>
Package pdftex.def Info: project3_files/figure-latex/unnamed-chunk-52-1.pdf  used on input line 1535.
(pdftex.def)             Requested size: 469.75386pt x 325.2142pt.
[64]
<project3_files/figure-latex/unnamed-chunk-53-1.pdf, id=829, 469.755pt x 325.215pt>
File: project3_files/figure-latex/unnamed-chunk-53-1.pdf Graphic file (type pdf)
<use project3_files/figure-latex/unnamed-chunk-53-1.pdf>
Package pdftex.def Info: project3_files/figure-latex/unnamed-chunk-53-1.pdf  used on input line 1551.
(pdftex.def)             Requested size: 469.75386pt x 325.2142pt.
[65 <./project3_files/figure-latex/unnamed-chunk-52-1.pdf>]
<project3_files/figure-latex/unnamed-chunk-54-1.pdf, id=840, 469.755pt x 325.215pt>
File: project3_files/figure-latex/unnamed-chunk-54-1.pdf Graphic file (type pdf)
<use project3_files/figure-latex/unnamed-chunk-54-1.pdf>
Package pdftex.def Info: project3_files/figure-latex/unnamed-chunk-54-1.pdf  used on input line 1564.
(pdftex.def)             Requested size: 469.75386pt x 325.2142pt.
[66 <./project3_files/figure-latex/unnamed-chunk-53-1.pdf>]
<project3_files/figure-latex/unnamed-chunk-55-1.pdf, id=851, 469.755pt x 325.215pt>
File: project3_files/figure-latex/unnamed-chunk-55-1.pdf Graphic file (type pdf)
<use project3_files/figure-latex/unnamed-chunk-55-1.pdf>
Package pdftex.def Info: project3_files/figure-latex/unnamed-chunk-55-1.pdf  used on input line 1575.
(pdftex.def)             Requested size: 469.75386pt x 325.2142pt.
[67 <./project3_files/figure-latex/unnamed-chunk-54-1.pdf>] [68 <./project3_files/figure-latex/unnamed-chunk-55-1.pdf>] [69]
<project3_files/figure-latex/unnamed-chunk-57-1.pdf, id=879, 469.755pt x 325.215pt>
File: project3_files/figure-latex/unnamed-chunk-57-1.pdf Graphic file (type pdf)
<use project3_files/figure-latex/unnamed-chunk-57-1.pdf>
Package pdftex.def Info: project3_files/figure-latex/unnamed-chunk-57-1.pdf  used on input line 1703.
(pdftex.def)             Requested size: 469.75386pt x 325.2142pt.
[70 <./project3_files/figure-latex/unnamed-chunk-57-1.pdf>]
<project3_files/figure-latex/unnamed-chunk-58-1.pdf, id=890, 469.755pt x 325.215pt>
File: project3_files/figure-latex/unnamed-chunk-58-1.pdf Graphic file (type pdf)
<use project3_files/figure-latex/unnamed-chunk-58-1.pdf>
Package pdftex.def Info: project3_files/figure-latex/unnamed-chunk-58-1.pdf  used on input line 1722.
(pdftex.def)             Requested size: 469.75386pt x 325.2142pt.
<project3_files/figure-latex/unnamed-chunk-59-1.pdf, id=891, 469.755pt x 325.215pt>
File: project3_files/figure-latex/unnamed-chunk-59-1.pdf Graphic file (type pdf)
<use project3_files/figure-latex/unnamed-chunk-59-1.pdf>
Package pdftex.def Info: project3_files/figure-latex/unnamed-chunk-59-1.pdf  used on input line 1735.
(pdftex.def)             Requested size: 469.75386pt x 325.2142pt.
[71 <./project3_files/figure-latex/unnamed-chunk-58-1.pdf>] [72 <./project3_files/figure-latex/unnamed-chunk-59-1.pdf>]
<project3_files/figure-latex/unnamed-chunk-61-1.pdf, id=914, 469.755pt x 325.215pt>
File: project3_files/figure-latex/unnamed-chunk-61-1.pdf Graphic file (type pdf)
<use project3_files/figure-latex/unnamed-chunk-61-1.pdf>
Package pdftex.def Info: project3_files/figure-latex/unnamed-chunk-61-1.pdf  used on input line 1788.
(pdftex.def)             Requested size: 469.75386pt x 325.2142pt.
[73 <./project3_files/figure-latex/unnamed-chunk-61-1.pdf>] (./project3.aux)
Package rerunfilecheck Info: File `project3.out' has not changed.
(rerunfilecheck)             Checksum: 833EF5CEA5CB7BCEE550D3DBFFF51D82;2496.
 ) 
Here is how much of TeX's memory you used:
 11586 strings out of 480236
 194917 string characters out of 5895116
 470689 words of memory out of 5000000
 29173 multiletter control sequences out of 15000+600000
 494366 words of font info for 87 fonts, out of 8000000 for 9000
 14 hyphenation exceptions out of 8191
 60i,6n,63p,440b,470s stack positions out of 5000i,500n,10000p,200000b,80000s
 </Users/pham/Library/TinyTeX/texmf-var/fonts/pk/ljfour/jknappen/ec/tcit1000.600pk> </Users/pham/Library/TinyTeX/texmf-var/fonts/pk/ljfour/jknappen/ec/tctt1000.600pk> </Users/pham/Library/TinyTeX/texmf-var/fonts/pk/ljfour/jknappen/ec/ectt1000.600pk> </Users/pham/Library/TinyTeX/texmf-var/fonts/pk/ljfour/jknappen/ec/ecit1000.600pk>{/Users/pham/Library/TinyTeX/texmf-dist/fonts/enc/dvips/base/8r.enc}</Users/pham/Library/TinyTeX/texmf-dist/fonts/type1/urw/palatino/uplb8a.pfb></Users/pham/Library/TinyTeX/texmf-dist/fonts/type1/urw/palatino/uplr8a.pfb>
Output written on project3.pdf (73 pages, 4406011 bytes).
PDF statistics:
 1117 PDF objects out of 1200 (max. 8388607)
 774 compressed objects within 8 object streams
 143 named destinations out of 1000 (max. 500000)
 455 words of extra memory for PDF output out of 10000 (max. 10000000)

